D:\ANUBHA\FINAL YEAR\PROJECT\SOURCE\3D-MAPLAND\3D-MAPLAND\DEBUG\MAIN.OBJ
D:\ANUBHA\FINAL YEAR\PROJECT\SOURCE\3D-MAPLAND\3D-MAPLAND\DEBUG\CAMERA.OBJ
D:\ANUBHA\FINAL YEAR\PROJECT\SOURCE\3D-MAPLAND\3D-MAPLAND\DEBUG\MODEL.OBJ
D:\ANUBHA\FINAL YEAR\PROJECT\SOURCE\3D-MAPLAND\3D-MAPLAND\DEBUG\OBJECTLOADER.OBJ
D:\ANUBHA\FINAL YEAR\PROJECT\SOURCE\3D-MAPLAND\3D-MAPLAND\DEBUG\TRANSFORM.OBJ
D:\ANUBHA\FINAL YEAR\PROJECT\SOURCE\3D-MAPLAND\3D-MAPLAND\DEBUG\VC110.PDB
D:\ANUBHA\FINAL YEAR\PROJECT\SOURCE\3D-MAPLAND\3D-MAPLAND\DEBUG\DISPLAY.OBJ
D:\ANUBHA\FINAL YEAR\PROJECT\SOURCE\3D-MAPLAND\3D-MAPLAND\DEBUG\CONNECTION.OBJ
D:\ANUBHA\FINAL YEAR\PROJECT\SOURCE\3D-MAPLAND\3D-MAPLAND\DEBUG\MAP.OBJ
D:\ANUBHA\FINAL YEAR\PROJECT\SOURCE\3D-MAPLAND\3D-MAPLAND\DEBUG\CAR.OBJ
D:\Anubha\final year\project\source\3d-mapLand\3d-mapLand\Debug\camera.obj
D:\Anubha\final year\project\source\3d-mapLand\3d-mapLand\Debug\car.obj
D:\Anubha\final year\project\source\3d-mapLand\3d-mapLand\Debug\connection.obj
D:\Anubha\final year\project\source\3d-mapLand\3d-mapLand\Debug\display.obj
D:\Anubha\final year\project\source\3d-mapLand\3d-mapLand\Debug\main.obj
D:\Anubha\final year\project\source\3d-mapLand\3d-mapLand\Debug\map.obj
D:\Anubha\final year\project\source\3d-mapLand\3d-mapLand\Debug\model.obj
D:\Anubha\final year\project\source\3d-mapLand\3d-mapLand\Debug\objectLoader.obj
D:\Anubha\final year\project\source\3d-mapLand\3d-mapLand\Debug\transform.obj
D:\Anubha\final year\project\source\3d-mapLand\3d-mapLand\Debug\cl.command.1.tlog
D:\Anubha\final year\project\source\3d-mapLand\3d-mapLand\Debug\CL.read.1.tlog
D:\Anubha\final year\project\source\3d-mapLand\3d-mapLand\Debug\CL.write.1.tlog
D:\Anubha\final year\project\source\3d-mapLand\3d-mapLand\Debug\link-cvtres.read.1.tlog
D:\Anubha\final year\project\source\3d-mapLand\3d-mapLand\Debug\link-cvtres.write.1.tlog
D:\Anubha\final year\project\source\3d-mapLand\3d-mapLand\Debug\link-rc.read.1.tlog
D:\Anubha\final year\project\source\3d-mapLand\3d-mapLand\Debug\link-rc.write.1.tlog
D:\Anubha\final year\project\source\3d-mapLand\3d-mapLand\Debug\link.1004-cvtres.read.1.tlog
D:\Anubha\final year\project\source\3d-mapLand\3d-mapLand\Debug\link.1004-cvtres.write.1.tlog
D:\Anubha\final year\project\source\3d-mapLand\3d-mapLand\Debug\link.1004-rc.read.1.tlog
D:\Anubha\final year\project\source\3d-mapLand\3d-mapLand\Debug\link.1004-rc.write.1.tlog
D:\Anubha\final year\project\source\3d-mapLand\3d-mapLand\Debug\link.1004.read.1.tlog
D:\Anubha\final year\project\source\3d-mapLand\3d-mapLand\Debug\link.1004.write.1.tlog
D:\Anubha\final year\project\source\3d-mapLand\3d-mapLand\Debug\link.1120-cvtres.read.1.tlog
D:\Anubha\final year\project\source\3d-mapLand\3d-mapLand\Debug\link.1120-cvtres.write.1.tlog
D:\Anubha\final year\project\source\3d-mapLand\3d-mapLand\Debug\link.1120-rc.read.1.tlog
D:\Anubha\final year\project\source\3d-mapLand\3d-mapLand\Debug\link.1120-rc.write.1.tlog
D:\Anubha\final year\project\source\3d-mapLand\3d-mapLand\Debug\link.1120.read.1.tlog
D:\Anubha\final year\project\source\3d-mapLand\3d-mapLand\Debug\link.1120.write.1.tlog
D:\Anubha\final year\project\source\3d-mapLand\3d-mapLand\Debug\link.1332-cvtres.read.1.tlog
D:\Anubha\final year\project\source\3d-mapLand\3d-mapLand\Debug\link.1332-cvtres.write.1.tlog
D:\Anubha\final year\project\source\3d-mapLand\3d-mapLand\Debug\link.1332-rc.read.1.tlog
D:\Anubha\final year\project\source\3d-mapLand\3d-mapLand\Debug\link.1332-rc.write.1.tlog
D:\Anubha\final year\project\source\3d-mapLand\3d-mapLand\Debug\link.1332.read.1.tlog
D:\Anubha\final year\project\source\3d-mapLand\3d-mapLand\Debug\link.1332.write.1.tlog
D:\Anubha\final year\project\source\3d-mapLand\3d-mapLand\Debug\link.1572-cvtres.read.1.tlog
D:\Anubha\final year\project\source\3d-mapLand\3d-mapLand\Debug\link.1572-cvtres.write.1.tlog
D:\Anubha\final year\project\source\3d-mapLand\3d-mapLand\Debug\link.1572-rc.read.1.tlog
D:\Anubha\final year\project\source\3d-mapLand\3d-mapLand\Debug\link.1572-rc.write.1.tlog
D:\Anubha\final year\project\source\3d-mapLand\3d-mapLand\Debug\link.1572.read.1.tlog
D:\Anubha\final year\project\source\3d-mapLand\3d-mapLand\Debug\link.1572.write.1.tlog
D:\Anubha\final year\project\source\3d-mapLand\3d-mapLand\Debug\link.1960-cvtres.read.1.tlog
D:\Anubha\final year\project\source\3d-mapLand\3d-mapLand\Debug\link.1960-cvtres.write.1.tlog
D:\Anubha\final year\project\source\3d-mapLand\3d-mapLand\Debug\link.1960-rc.read.1.tlog
D:\Anubha\final year\project\source\3d-mapLand\3d-mapLand\Debug\link.1960-rc.write.1.tlog
D:\Anubha\final year\project\source\3d-mapLand\3d-mapLand\Debug\link.1960.read.1.tlog
D:\Anubha\final year\project\source\3d-mapLand\3d-mapLand\Debug\link.1960.write.1.tlog
D:\Anubha\final year\project\source\3d-mapLand\3d-mapLand\Debug\link.2480-cvtres.read.1.tlog
D:\Anubha\final year\project\source\3d-mapLand\3d-mapLand\Debug\link.2480-cvtres.write.1.tlog
D:\Anubha\final year\project\source\3d-mapLand\3d-mapLand\Debug\link.2480-rc.read.1.tlog
D:\Anubha\final year\project\source\3d-mapLand\3d-mapLand\Debug\link.2480-rc.write.1.tlog
D:\Anubha\final year\project\source\3d-mapLand\3d-mapLand\Debug\link.2480.read.1.tlog
D:\Anubha\final year\project\source\3d-mapLand\3d-mapLand\Debug\link.2480.write.1.tlog
D:\Anubha\final year\project\source\3d-mapLand\3d-mapLand\Debug\link.3156-cvtres.read.1.tlog
D:\Anubha\final year\project\source\3d-mapLand\3d-mapLand\Debug\link.3156-cvtres.write.1.tlog
D:\Anubha\final year\project\source\3d-mapLand\3d-mapLand\Debug\link.3156-rc.read.1.tlog
D:\Anubha\final year\project\source\3d-mapLand\3d-mapLand\Debug\link.3156-rc.write.1.tlog
D:\Anubha\final year\project\source\3d-mapLand\3d-mapLand\Debug\link.3156.read.1.tlog
D:\Anubha\final year\project\source\3d-mapLand\3d-mapLand\Debug\link.3156.write.1.tlog
D:\Anubha\final year\project\source\3d-mapLand\3d-mapLand\Debug\link.3312-cvtres.read.1.tlog
D:\Anubha\final year\project\source\3d-mapLand\3d-mapLand\Debug\link.3312-cvtres.write.1.tlog
D:\Anubha\final year\project\source\3d-mapLand\3d-mapLand\Debug\link.3312-rc.read.1.tlog
D:\Anubha\final year\project\source\3d-mapLand\3d-mapLand\Debug\link.3312-rc.write.1.tlog
D:\Anubha\final year\project\source\3d-mapLand\3d-mapLand\Debug\link.3312.read.1.tlog
D:\Anubha\final year\project\source\3d-mapLand\3d-mapLand\Debug\link.3312.write.1.tlog
D:\Anubha\final year\project\source\3d-mapLand\3d-mapLand\Debug\link.340-cvtres.read.1.tlog
D:\Anubha\final year\project\source\3d-mapLand\3d-mapLand\Debug\link.340-cvtres.write.1.tlog
D:\Anubha\final year\project\source\3d-mapLand\3d-mapLand\Debug\link.340-rc.read.1.tlog
D:\Anubha\final year\project\source\3d-mapLand\3d-mapLand\Debug\link.340-rc.write.1.tlog
D:\Anubha\final year\project\source\3d-mapLand\3d-mapLand\Debug\link.340.read.1.tlog
D:\Anubha\final year\project\source\3d-mapLand\3d-mapLand\Debug\link.340.write.1.tlog
D:\Anubha\final year\project\source\3d-mapLand\3d-mapLand\Debug\link.3948-cvtres.read.1.tlog
D:\Anubha\final year\project\source\3d-mapLand\3d-mapLand\Debug\link.3948-cvtres.write.1.tlog
D:\Anubha\final year\project\source\3d-mapLand\3d-mapLand\Debug\link.3948-rc.read.1.tlog
D:\Anubha\final year\project\source\3d-mapLand\3d-mapLand\Debug\link.3948-rc.write.1.tlog
D:\Anubha\final year\project\source\3d-mapLand\3d-mapLand\Debug\link.3948.read.1.tlog
D:\Anubha\final year\project\source\3d-mapLand\3d-mapLand\Debug\link.3948.write.1.tlog
D:\Anubha\final year\project\source\3d-mapLand\3d-mapLand\Debug\link.4520-cvtres.read.1.tlog
D:\Anubha\final year\project\source\3d-mapLand\3d-mapLand\Debug\link.4520-cvtres.write.1.tlog
D:\Anubha\final year\project\source\3d-mapLand\3d-mapLand\Debug\link.4520-rc.read.1.tlog
D:\Anubha\final year\project\source\3d-mapLand\3d-mapLand\Debug\link.4520-rc.write.1.tlog
D:\Anubha\final year\project\source\3d-mapLand\3d-mapLand\Debug\link.4520.read.1.tlog
D:\Anubha\final year\project\source\3d-mapLand\3d-mapLand\Debug\link.4520.write.1.tlog
D:\Anubha\final year\project\source\3d-mapLand\3d-mapLand\Debug\link.4676-cvtres.read.1.tlog
D:\Anubha\final year\project\source\3d-mapLand\3d-mapLand\Debug\link.4676-cvtres.write.1.tlog
D:\Anubha\final year\project\source\3d-mapLand\3d-mapLand\Debug\link.4676-rc.read.1.tlog
D:\Anubha\final year\project\source\3d-mapLand\3d-mapLand\Debug\link.4676-rc.write.1.tlog
D:\Anubha\final year\project\source\3d-mapLand\3d-mapLand\Debug\link.4676.read.1.tlog
D:\Anubha\final year\project\source\3d-mapLand\3d-mapLand\Debug\link.4676.write.1.tlog
D:\Anubha\final year\project\source\3d-mapLand\3d-mapLand\Debug\link.4708-cvtres.read.1.tlog
D:\Anubha\final year\project\source\3d-mapLand\3d-mapLand\Debug\link.4708-cvtres.write.1.tlog
D:\Anubha\final year\project\source\3d-mapLand\3d-mapLand\Debug\link.4708-rc.read.1.tlog
D:\Anubha\final year\project\source\3d-mapLand\3d-mapLand\Debug\link.4708-rc.write.1.tlog
D:\Anubha\final year\project\source\3d-mapLand\3d-mapLand\Debug\link.4708.read.1.tlog
D:\Anubha\final year\project\source\3d-mapLand\3d-mapLand\Debug\link.4708.write.1.tlog
D:\Anubha\final year\project\source\3d-mapLand\3d-mapLand\Debug\link.4752-cvtres.read.1.tlog
D:\Anubha\final year\project\source\3d-mapLand\3d-mapLand\Debug\link.4752-cvtres.write.1.tlog
D:\Anubha\final year\project\source\3d-mapLand\3d-mapLand\Debug\link.4752-rc.read.1.tlog
D:\Anubha\final year\project\source\3d-mapLand\3d-mapLand\Debug\link.4752-rc.write.1.tlog
D:\Anubha\final year\project\source\3d-mapLand\3d-mapLand\Debug\link.4752.read.1.tlog
D:\Anubha\final year\project\source\3d-mapLand\3d-mapLand\Debug\link.4752.write.1.tlog
D:\Anubha\final year\project\source\3d-mapLand\3d-mapLand\Debug\link.4800-cvtres.read.1.tlog
D:\Anubha\final year\project\source\3d-mapLand\3d-mapLand\Debug\link.4800-cvtres.write.1.tlog
D:\Anubha\final year\project\source\3d-mapLand\3d-mapLand\Debug\link.4800-rc.read.1.tlog
D:\Anubha\final year\project\source\3d-mapLand\3d-mapLand\Debug\link.4800-rc.write.1.tlog
D:\Anubha\final year\project\source\3d-mapLand\3d-mapLand\Debug\link.4800.read.1.tlog
D:\Anubha\final year\project\source\3d-mapLand\3d-mapLand\Debug\link.4800.write.1.tlog
D:\Anubha\final year\project\source\3d-mapLand\3d-mapLand\Debug\link.4864-cvtres.read.1.tlog
D:\Anubha\final year\project\source\3d-mapLand\3d-mapLand\Debug\link.4864-cvtres.write.1.tlog
D:\Anubha\final year\project\source\3d-mapLand\3d-mapLand\Debug\link.4864-rc.read.1.tlog
D:\Anubha\final year\project\source\3d-mapLand\3d-mapLand\Debug\link.4864-rc.write.1.tlog
D:\Anubha\final year\project\source\3d-mapLand\3d-mapLand\Debug\link.4864.read.1.tlog
D:\Anubha\final year\project\source\3d-mapLand\3d-mapLand\Debug\link.4864.write.1.tlog
D:\Anubha\final year\project\source\3d-mapLand\3d-mapLand\Debug\link.5200-cvtres.read.1.tlog
D:\Anubha\final year\project\source\3d-mapLand\3d-mapLand\Debug\link.5200-cvtres.write.1.tlog
D:\Anubha\final year\project\source\3d-mapLand\3d-mapLand\Debug\link.5200-rc.read.1.tlog
D:\Anubha\final year\project\source\3d-mapLand\3d-mapLand\Debug\link.5200-rc.write.1.tlog
D:\Anubha\final year\project\source\3d-mapLand\3d-mapLand\Debug\link.5200.read.1.tlog
D:\Anubha\final year\project\source\3d-mapLand\3d-mapLand\Debug\link.5200.write.1.tlog
D:\Anubha\final year\project\source\3d-mapLand\3d-mapLand\Debug\link.5248-cvtres.read.1.tlog
D:\Anubha\final year\project\source\3d-mapLand\3d-mapLand\Debug\link.5248-cvtres.write.1.tlog
D:\Anubha\final year\project\source\3d-mapLand\3d-mapLand\Debug\link.5248-rc.read.1.tlog
D:\Anubha\final year\project\source\3d-mapLand\3d-mapLand\Debug\link.5248-rc.write.1.tlog
D:\Anubha\final year\project\source\3d-mapLand\3d-mapLand\Debug\link.5248.read.1.tlog
D:\Anubha\final year\project\source\3d-mapLand\3d-mapLand\Debug\link.5248.write.1.tlog
D:\Anubha\final year\project\source\3d-mapLand\3d-mapLand\Debug\link.5344-cvtres.read.1.tlog
D:\Anubha\final year\project\source\3d-mapLand\3d-mapLand\Debug\link.5344-cvtres.write.1.tlog
D:\Anubha\final year\project\source\3d-mapLand\3d-mapLand\Debug\link.5344-rc.read.1.tlog
D:\Anubha\final year\project\source\3d-mapLand\3d-mapLand\Debug\link.5344-rc.write.1.tlog
D:\Anubha\final year\project\source\3d-mapLand\3d-mapLand\Debug\link.5344.read.1.tlog
D:\Anubha\final year\project\source\3d-mapLand\3d-mapLand\Debug\link.5344.write.1.tlog
D:\Anubha\final year\project\source\3d-mapLand\3d-mapLand\Debug\link.5392-cvtres.read.1.tlog
D:\Anubha\final year\project\source\3d-mapLand\3d-mapLand\Debug\link.5392-cvtres.write.1.tlog
D:\Anubha\final year\project\source\3d-mapLand\3d-mapLand\Debug\link.5392-rc.read.1.tlog
D:\Anubha\final year\project\source\3d-mapLand\3d-mapLand\Debug\link.5392-rc.write.1.tlog
D:\Anubha\final year\project\source\3d-mapLand\3d-mapLand\Debug\link.5392.read.1.tlog
D:\Anubha\final year\project\source\3d-mapLand\3d-mapLand\Debug\link.5392.write.1.tlog
D:\Anubha\final year\project\source\3d-mapLand\3d-mapLand\Debug\link.5528-cvtres.read.1.tlog
D:\Anubha\final year\project\source\3d-mapLand\3d-mapLand\Debug\link.5528-cvtres.write.1.tlog
D:\Anubha\final year\project\source\3d-mapLand\3d-mapLand\Debug\link.5528-rc.read.1.tlog
D:\Anubha\final year\project\source\3d-mapLand\3d-mapLand\Debug\link.5528-rc.write.1.tlog
D:\Anubha\final year\project\source\3d-mapLand\3d-mapLand\Debug\link.5528.read.1.tlog
D:\Anubha\final year\project\source\3d-mapLand\3d-mapLand\Debug\link.5528.write.1.tlog
D:\Anubha\final year\project\source\3d-mapLand\3d-mapLand\Debug\link.5564-cvtres.read.1.tlog
D:\Anubha\final year\project\source\3d-mapLand\3d-mapLand\Debug\link.5564-cvtres.write.1.tlog
D:\Anubha\final year\project\source\3d-mapLand\3d-mapLand\Debug\link.5564-rc.read.1.tlog
D:\Anubha\final year\project\source\3d-mapLand\3d-mapLand\Debug\link.5564-rc.write.1.tlog
D:\Anubha\final year\project\source\3d-mapLand\3d-mapLand\Debug\link.5564.read.1.tlog
D:\Anubha\final year\project\source\3d-mapLand\3d-mapLand\Debug\link.5564.write.1.tlog
D:\Anubha\final year\project\source\3d-mapLand\3d-mapLand\Debug\link.6096-cvtres.read.1.tlog
D:\Anubha\final year\project\source\3d-mapLand\3d-mapLand\Debug\link.6096-cvtres.write.1.tlog
D:\Anubha\final year\project\source\3d-mapLand\3d-mapLand\Debug\link.6096-rc.read.1.tlog
D:\Anubha\final year\project\source\3d-mapLand\3d-mapLand\Debug\link.6096-rc.write.1.tlog
D:\Anubha\final year\project\source\3d-mapLand\3d-mapLand\Debug\link.6096.read.1.tlog
D:\Anubha\final year\project\source\3d-mapLand\3d-mapLand\Debug\link.6096.write.1.tlog
D:\Anubha\final year\project\source\3d-mapLand\3d-mapLand\Debug\link.6616-cvtres.read.1.tlog
D:\Anubha\final year\project\source\3d-mapLand\3d-mapLand\Debug\link.6616-cvtres.write.1.tlog
D:\Anubha\final year\project\source\3d-mapLand\3d-mapLand\Debug\link.6616-rc.read.1.tlog
D:\Anubha\final year\project\source\3d-mapLand\3d-mapLand\Debug\link.6616-rc.write.1.tlog
D:\Anubha\final year\project\source\3d-mapLand\3d-mapLand\Debug\link.6616.read.1.tlog
D:\Anubha\final year\project\source\3d-mapLand\3d-mapLand\Debug\link.6616.write.1.tlog
D:\Anubha\final year\project\source\3d-mapLand\3d-mapLand\Debug\link.6652-cvtres.read.1.tlog
D:\Anubha\final year\project\source\3d-mapLand\3d-mapLand\Debug\link.6652-cvtres.write.1.tlog
D:\Anubha\final year\project\source\3d-mapLand\3d-mapLand\Debug\link.6652-rc.read.1.tlog
D:\Anubha\final year\project\source\3d-mapLand\3d-mapLand\Debug\link.6652-rc.write.1.tlog
D:\Anubha\final year\project\source\3d-mapLand\3d-mapLand\Debug\link.6652.read.1.tlog
D:\Anubha\final year\project\source\3d-mapLand\3d-mapLand\Debug\link.6652.write.1.tlog
D:\Anubha\final year\project\source\3d-mapLand\3d-mapLand\Debug\link.6724-cvtres.read.1.tlog
D:\Anubha\final year\project\source\3d-mapLand\3d-mapLand\Debug\link.6724-cvtres.write.1.tlog
D:\Anubha\final year\project\source\3d-mapLand\3d-mapLand\Debug\link.6724-rc.read.1.tlog
D:\Anubha\final year\project\source\3d-mapLand\3d-mapLand\Debug\link.6724-rc.write.1.tlog
D:\Anubha\final year\project\source\3d-mapLand\3d-mapLand\Debug\link.6724.read.1.tlog
D:\Anubha\final year\project\source\3d-mapLand\3d-mapLand\Debug\link.6724.write.1.tlog
D:\Anubha\final year\project\source\3d-mapLand\3d-mapLand\Debug\link.7120-cvtres.read.1.tlog
D:\Anubha\final year\project\source\3d-mapLand\3d-mapLand\Debug\link.7120-cvtres.write.1.tlog
D:\Anubha\final year\project\source\3d-mapLand\3d-mapLand\Debug\link.7120-rc.read.1.tlog
D:\Anubha\final year\project\source\3d-mapLand\3d-mapLand\Debug\link.7120-rc.write.1.tlog
D:\Anubha\final year\project\source\3d-mapLand\3d-mapLand\Debug\link.7120.read.1.tlog
D:\Anubha\final year\project\source\3d-mapLand\3d-mapLand\Debug\link.7120.write.1.tlog
D:\Anubha\final year\project\source\3d-mapLand\3d-mapLand\Debug\link.7124-cvtres.read.1.tlog
D:\Anubha\final year\project\source\3d-mapLand\3d-mapLand\Debug\link.7124-cvtres.write.1.tlog
D:\Anubha\final year\project\source\3d-mapLand\3d-mapLand\Debug\link.7124-rc.read.1.tlog
D:\Anubha\final year\project\source\3d-mapLand\3d-mapLand\Debug\link.7124-rc.write.1.tlog
D:\Anubha\final year\project\source\3d-mapLand\3d-mapLand\Debug\link.7124.read.1.tlog
D:\Anubha\final year\project\source\3d-mapLand\3d-mapLand\Debug\link.7124.write.1.tlog
D:\Anubha\final year\project\source\3d-mapLand\3d-mapLand\Debug\link.8004-cvtres.read.1.tlog
D:\Anubha\final year\project\source\3d-mapLand\3d-mapLand\Debug\link.8004-cvtres.write.1.tlog
D:\Anubha\final year\project\source\3d-mapLand\3d-mapLand\Debug\link.8004-rc.read.1.tlog
D:\Anubha\final year\project\source\3d-mapLand\3d-mapLand\Debug\link.8004-rc.write.1.tlog
D:\Anubha\final year\project\source\3d-mapLand\3d-mapLand\Debug\link.8004.read.1.tlog
D:\Anubha\final year\project\source\3d-mapLand\3d-mapLand\Debug\link.8004.write.1.tlog
D:\Anubha\final year\project\source\3d-mapLand\3d-mapLand\Debug\link.940-cvtres.read.1.tlog
D:\Anubha\final year\project\source\3d-mapLand\3d-mapLand\Debug\link.940-cvtres.write.1.tlog
D:\Anubha\final year\project\source\3d-mapLand\3d-mapLand\Debug\link.940-rc.read.1.tlog
D:\Anubha\final year\project\source\3d-mapLand\3d-mapLand\Debug\link.940-rc.write.1.tlog
D:\Anubha\final year\project\source\3d-mapLand\3d-mapLand\Debug\link.940.read.1.tlog
D:\Anubha\final year\project\source\3d-mapLand\3d-mapLand\Debug\link.940.write.1.tlog
D:\Anubha\final year\project\source\3d-mapLand\3d-mapLand\Debug\link.980-cvtres.read.1.tlog
D:\Anubha\final year\project\source\3d-mapLand\3d-mapLand\Debug\link.980-cvtres.write.1.tlog
D:\Anubha\final year\project\source\3d-mapLand\3d-mapLand\Debug\link.980-rc.read.1.tlog
D:\Anubha\final year\project\source\3d-mapLand\3d-mapLand\Debug\link.980-rc.write.1.tlog
D:\Anubha\final year\project\source\3d-mapLand\3d-mapLand\Debug\link.980.read.1.tlog
D:\Anubha\final year\project\source\3d-mapLand\3d-mapLand\Debug\link.980.write.1.tlog
D:\Anubha\final year\project\source\3d-mapLand\3d-mapLand\Debug\link.command.1.tlog
D:\Anubha\final year\project\source\3d-mapLand\3d-mapLand\Debug\link.read.1.tlog
D:\Anubha\final year\project\source\3d-mapLand\3d-mapLand\Debug\link.write.1.tlog
D:\Anubha\final year\project\source\3d-mapLand\3d-mapLand\Debug\vc110.idb
D:\Anubha\final year\project\source\3d-mapLand\3d-mapLand\Debug\vc110.pdb
D:\Anubha\final year\project\source\3d-mapLand\Debug\3d-mapLand.pdb
D:\Anubha\final year\project\source\3d-mapLand\Debug\3d-mapLand.ilk
